This is pdfTeX, Version 3.141592653-2.6-1.40.24 (TeX Live 2022) (preloaded format=pdflatex 2022.12.22)  9 JAN 2023 00:38
entering extended mode
 restricted \write18 enabled.
 file:line:error style messages enabled.
 %&-line parsing enabled.
**Homework_Root_Finding_201901132_Minwook_Kang.tex
(./Homework_Root_Finding_201901132_Minwook_Kang.tex
LaTeX2e <2022-11-01> patch level 1
L3 programming layer <2022-12-17>
(/usr/local/texlive/2022/texmf-dist/tex/latex/base/article.cls
Document Class: article 2022/07/02 v1.4n Standard LaTeX document class
(/usr/local/texlive/2022/texmf-dist/tex/latex/base/size11.clo
File: size11.clo 2022/07/02 v1.4n Standard LaTeX file (size option)
)
\c@part=\count185
\c@section=\count186
\c@subsection=\count187
\c@subsubsection=\count188
\c@paragraph=\count189
\c@subparagraph=\count190
\c@figure=\count191
\c@table=\count192
\abovecaptionskip=\skip48
\belowcaptionskip=\skip49
\bibindent=\dimen140
)
(/usr/local/texlive/2022/texmf-dist/tex/latex/cjk-ko/kotex.sty
Package: kotex 2015/04/19 v1.6 Korean TeX (ko.TeX)

(/usr/local/texlive/2022/texmf-dist/tex/latex/kotex-utf/kotex.cfg)
(/usr/local/texlive/2022/texmf-dist/tex/latex/kotex-utf/kotexutf.sty
Package: kotexutf 2022/06/22 v3.0.0 typesetting UTF-8 Korean documents

(/usr/local/texlive/2022/texmf-dist/tex/latex/base/inputenc.sty
Package: inputenc 2021/02/14 v1.3d Input encoding file
\inpenc@prehook=\toks16
\inpenc@posthook=\toks17
)
(/usr/local/texlive/2022/texmf-dist/tex/plain/kotex-plain/kotexutf-core.tex
\unih@ngulpoint=\count193
\dhucs@emph@raise=\dimen141
)
Now handling font encoding LUC ...
... processing UTF-8 mapping file for font encoding LUC

(/usr/local/texlive/2022/texmf-dist/tex/latex/kotex-utf/lucenc.dfu
File: lucenc.dfu 2007/09/05 UTF-8 support for dhucs
   defining Unicode char U+00B7 (decimal 183)
   defining Unicode char U+2018 (decimal 8216)
   defining Unicode char U+2019 (decimal 8217)
   defining Unicode char U+201C (decimal 8220)
   defining Unicode char U+201D (decimal 8221)
   defining Unicode char U+3001 (decimal 12289)
   defining Unicode char U+3002 (decimal 12290)
   defining Unicode char U+3008 (decimal 12296)
   defining Unicode char U+3009 (decimal 12297)
   defining Unicode char U+300A (decimal 12298)
   defining Unicode char U+300B (decimal 12299)
   defining Unicode char U+300C (decimal 12300)
   defining Unicode char U+300D (decimal 12301)
   defining Unicode char U+300E (decimal 12302)
   defining Unicode char U+300F (decimal 12303)
   defining Unicode char U+3010 (decimal 12304)
   defining Unicode char U+3011 (decimal 12305)
   defining Unicode char U+3014 (decimal 12308)
   defining Unicode char U+3015 (decimal 12309)
   defining Unicode char U+3016 (decimal 12310)
   defining Unicode char U+3017 (decimal 12311)
   defining Unicode char U+3018 (decimal 12312)
   defining Unicode char U+3019 (decimal 12313)
   defining Unicode char U+301A (decimal 12314)
   defining Unicode char U+301B (decimal 12315)
   defining Unicode char U+FF01 (decimal 65281)
   defining Unicode char U+FF08 (decimal 65288)
   defining Unicode char U+FF09 (decimal 65289)
   defining Unicode char U+FF0C (decimal 65292)
   defining Unicode char U+FF0E (decimal 65294)
   defining Unicode char U+FF1A (decimal 65306)
   defining Unicode char U+FF1B (decimal 65307)
   defining Unicode char U+FF1C (decimal 65308)
   defining Unicode char U+FF1D (decimal 65309)
   defining Unicode char U+FF1E (decimal 65310)
   defining Unicode char U+FF1F (decimal 65311)
   defining Unicode char U+FF3B (decimal 65339)
   defining Unicode char U+FF3D (decimal 65341)
   defining Unicode char U+FF5B (decimal 65371)
   defining Unicode char U+FF5D (decimal 65373)
   defining Unicode char U+FF61 (decimal 65377)
   defining Unicode char U+FF62 (decimal 65378)
   defining Unicode char U+FF63 (decimal 65379)
   defining Unicode char U+FF64 (decimal 65380)
   defining Unicode char U+FF65 (decimal 65381)
)
\@josa=\count194
\josatoks=\toks18

(/usr/local/texlive/2022/texmf-dist/tex/latex/cjk-ko/kolabels-utf.sty
Package: kolabels-utf 2015/03/20 v1.5 UTF-8 Hangul item labels
)))
(/usr/local/texlive/2022/texmf-dist/tex/latex/sectsty/sectsty.sty
Package: sectsty 2002/02/25 v2.0.2 Commands to change all sectional heading sty
les


LaTeX Warning: Command \underbar  has changed.
               Check if current package is valid.


LaTeX Warning: Command \underline  has changed.
               Check if current package is valid.

) (/usr/local/texlive/2022/texmf-dist/tex/latex/graphics/graphicx.sty
Package: graphicx 2021/09/16 v1.2d Enhanced LaTeX Graphics (DPC,SPQR)

(/usr/local/texlive/2022/texmf-dist/tex/latex/graphics/keyval.sty
Package: keyval 2022/05/29 v1.15 key=value parser (DPC)
\KV@toks@=\toks19
)
(/usr/local/texlive/2022/texmf-dist/tex/latex/graphics/graphics.sty
Package: graphics 2022/03/10 v1.4e Standard LaTeX Graphics (DPC,SPQR)

(/usr/local/texlive/2022/texmf-dist/tex/latex/graphics/trig.sty
Package: trig 2021/08/11 v1.11 sin cos tan (DPC)
)
(/usr/local/texlive/2022/texmf-dist/tex/latex/graphics-cfg/graphics.cfg
File: graphics.cfg 2016/06/04 v1.11 sample graphics configuration
)
Package graphics Info: Driver file: pdftex.def on input line 107.

(/usr/local/texlive/2022/texmf-dist/tex/latex/graphics-def/pdftex.def
File: pdftex.def 2022/09/22 v1.2b Graphics/color driver for pdftex
))
\Gin@req@height=\dimen142
\Gin@req@width=\dimen143
)
(/usr/local/texlive/2022/texmf-dist/tex/latex/amsmath/amsmath.sty
Package: amsmath 2022/04/08 v2.17n AMS math features
\@mathmargin=\skip50

For additional information on amsmath, use the `?' option.
(/usr/local/texlive/2022/texmf-dist/tex/latex/amsmath/amstext.sty
Package: amstext 2021/08/26 v2.01 AMS text

(/usr/local/texlive/2022/texmf-dist/tex/latex/amsmath/amsgen.sty
File: amsgen.sty 1999/11/30 v2.0 generic functions
\@emptytoks=\toks20
\ex@=\dimen144
))
(/usr/local/texlive/2022/texmf-dist/tex/latex/amsmath/amsbsy.sty
Package: amsbsy 1999/11/29 v1.2d Bold Symbols
\pmbraise@=\dimen145
)
(/usr/local/texlive/2022/texmf-dist/tex/latex/amsmath/amsopn.sty
Package: amsopn 2022/04/08 v2.04 operator names
)
\inf@bad=\count195
LaTeX Info: Redefining \frac on input line 234.
\uproot@=\count196
\leftroot@=\count197
LaTeX Info: Redefining \overline on input line 399.
LaTeX Info: Redefining \colon on input line 410.
\classnum@=\count198
\DOTSCASE@=\count199
LaTeX Info: Redefining \ldots on input line 496.
LaTeX Info: Redefining \dots on input line 499.
LaTeX Info: Redefining \cdots on input line 620.
\Mathstrutbox@=\box51
\strutbox@=\box52
LaTeX Info: Redefining \big on input line 722.
LaTeX Info: Redefining \Big on input line 723.
LaTeX Info: Redefining \bigg on input line 724.
LaTeX Info: Redefining \Bigg on input line 725.
\big@size=\dimen146
LaTeX Font Info:    Redeclaring font encoding OML on input line 743.
LaTeX Font Info:    Redeclaring font encoding OMS on input line 744.
\macc@depth=\count266
LaTeX Info: Redefining \bmod on input line 905.
LaTeX Info: Redefining \pmod on input line 910.
LaTeX Info: Redefining \smash on input line 940.
LaTeX Info: Redefining \relbar on input line 970.
LaTeX Info: Redefining \Relbar on input line 971.
\c@MaxMatrixCols=\count267
\dotsspace@=\muskip16
\c@parentequation=\count268
\dspbrk@lvl=\count269
\tag@help=\toks21
\row@=\count270
\column@=\count271
\maxfields@=\count272
\andhelp@=\toks22
\eqnshift@=\dimen147
\alignsep@=\dimen148
\tagshift@=\dimen149
\tagwidth@=\dimen150
\totwidth@=\dimen151
\lineht@=\dimen152
\@envbody=\toks23
\multlinegap=\skip51
\multlinetaggap=\skip52
\mathdisplay@stack=\toks24
LaTeX Info: Redefining \[ on input line 2953.
LaTeX Info: Redefining \] on input line 2954.
)
(/usr/local/texlive/2022/texmf-dist/tex/latex/geometry/geometry.sty
Package: geometry 2020/01/02 v5.9 Page Geometry

(/usr/local/texlive/2022/texmf-dist/tex/generic/iftex/ifvtex.sty
Package: ifvtex 2019/10/25 v1.7 ifvtex legacy package. Use iftex instead.

(/usr/local/texlive/2022/texmf-dist/tex/generic/iftex/iftex.sty
Package: iftex 2022/02/03 v1.0f TeX engine tests
))
\Gm@cnth=\count273
\Gm@cntv=\count274
\c@Gm@tempcnt=\count275
\Gm@bindingoffset=\dimen153
\Gm@wd@mp=\dimen154
\Gm@odd@mp=\dimen155
\Gm@even@mp=\dimen156
\Gm@layoutwidth=\dimen157
\Gm@layoutheight=\dimen158
\Gm@layouthoffset=\dimen159
\Gm@layoutvoffset=\dimen160
\Gm@dimlist=\toks25
)
(/usr/local/texlive/2022/texmf-dist/tex/latex/listings/listings.sty
\lst@mode=\count276
\lst@gtempboxa=\box53
\lst@token=\toks26
\lst@length=\count277
\lst@currlwidth=\dimen161
\lst@column=\count278
\lst@pos=\count279
\lst@lostspace=\dimen162
\lst@width=\dimen163
\lst@newlines=\count280
\lst@lineno=\count281
\lst@maxwidth=\dimen164

(/usr/local/texlive/2022/texmf-dist/tex/latex/listings/lstmisc.sty
File: lstmisc.sty 2020/03/24 1.8d (Carsten Heinz)
\c@lstnumber=\count282
\lst@skipnumbers=\count283
\lst@framebox=\box54
)
(/usr/local/texlive/2022/texmf-dist/tex/latex/listings/listings.cfg
File: listings.cfg 2020/03/24 1.8d listings configuration
))
Package: listings 2020/03/24 1.8d (Carsten Heinz)

(/usr/local/texlive/2022/texmf-dist/tex/latex/graphics/color.sty
Package: color 2022/01/06 v1.3d Standard LaTeX Color (DPC)

(/usr/local/texlive/2022/texmf-dist/tex/latex/graphics-cfg/color.cfg
File: color.cfg 2016/01/02 v1.6 sample color configuration
)
Package color Info: Driver file: pdftex.def on input line 149.

(/usr/local/texlive/2022/texmf-dist/tex/latex/graphics/mathcolor.ltx))
(/usr/local/texlive/2022/texmf-dist/tex/latex/lm/lmodern.sty
Package: lmodern 2015/05/01 v1.6.1 Latin Modern Fonts
LaTeX Font Info:    Overwriting symbol font `operators' in version `normal'
(Font)                  OT1/cmr/m/n --> OT1/lmr/m/n on input line 22.
LaTeX Font Info:    Overwriting symbol font `letters' in version `normal'
(Font)                  OML/cmm/m/it --> OML/lmm/m/it on input line 23.
LaTeX Font Info:    Overwriting symbol font `symbols' in version `normal'
(Font)                  OMS/cmsy/m/n --> OMS/lmsy/m/n on input line 24.
LaTeX Font Info:    Overwriting symbol font `largesymbols' in version `normal'
(Font)                  OMX/cmex/m/n --> OMX/lmex/m/n on input line 25.
LaTeX Font Info:    Overwriting symbol font `operators' in version `bold'
(Font)                  OT1/cmr/bx/n --> OT1/lmr/bx/n on input line 26.
LaTeX Font Info:    Overwriting symbol font `letters' in version `bold'
(Font)                  OML/cmm/b/it --> OML/lmm/b/it on input line 27.
LaTeX Font Info:    Overwriting symbol font `symbols' in version `bold'
(Font)                  OMS/cmsy/b/n --> OMS/lmsy/b/n on input line 28.
LaTeX Font Info:    Overwriting symbol font `largesymbols' in version `bold'
(Font)                  OMX/cmex/m/n --> OMX/lmex/m/n on input line 29.
LaTeX Font Info:    Overwriting math alphabet `\mathbf' in version `normal'
(Font)                  OT1/cmr/bx/n --> OT1/lmr/bx/n on input line 31.
LaTeX Font Info:    Overwriting math alphabet `\mathsf' in version `normal'
(Font)                  OT1/cmss/m/n --> OT1/lmss/m/n on input line 32.
LaTeX Font Info:    Overwriting math alphabet `\mathit' in version `normal'
(Font)                  OT1/cmr/m/it --> OT1/lmr/m/it on input line 33.
LaTeX Font Info:    Overwriting math alphabet `\mathtt' in version `normal'
(Font)                  OT1/cmtt/m/n --> OT1/lmtt/m/n on input line 34.
LaTeX Font Info:    Overwriting math alphabet `\mathbf' in version `bold'
(Font)                  OT1/cmr/bx/n --> OT1/lmr/bx/n on input line 35.
LaTeX Font Info:    Overwriting math alphabet `\mathsf' in version `bold'
(Font)                  OT1/cmss/bx/n --> OT1/lmss/bx/n on input line 36.
LaTeX Font Info:    Overwriting math alphabet `\mathit' in version `bold'
(Font)                  OT1/cmr/bx/it --> OT1/lmr/bx/it on input line 37.
LaTeX Font Info:    Overwriting math alphabet `\mathtt' in version `bold'
(Font)                  OT1/cmtt/m/n --> OT1/lmtt/m/n on input line 38.
)
(/usr/local/texlive/2022/texmf-dist/tex/latex/url/url.sty
\Urlmuskip=\muskip17
Package: url 2013/09/16  ver 3.4  Verb mode for urls, etc.
)
(/usr/local/texlive/2022/texmf-dist/tex/latex/subfig/subfig.sty
Package: subfig 2005/06/28 ver: 1.3 subfig package

(/usr/local/texlive/2022/texmf-dist/tex/latex/caption/caption.sty
Package: caption 2022/03/01 v3.6b Customizing captions (AR)

(/usr/local/texlive/2022/texmf-dist/tex/latex/caption/caption3.sty
Package: caption3 2022/03/17 v2.3b caption3 kernel (AR)
\caption@tempdima=\dimen165
\captionmargin=\dimen166
\caption@leftmargin=\dimen167
\caption@rightmargin=\dimen168
\caption@width=\dimen169
\caption@indent=\dimen170
\caption@parindent=\dimen171
\caption@hangindent=\dimen172
Package caption Info: Standard document class detected.
)
\c@caption@flags=\count284
\c@continuedfloat=\count285
Package caption Info: listings package is loaded.
)
\c@KVtest=\count286
\sf@farskip=\skip53
\sf@captopadj=\dimen173
\sf@capskip=\skip54
\sf@nearskip=\skip55
\c@subfigure=\count287
\c@subfigure@save=\count288
\c@lofdepth=\count289
\c@subtable=\count290
\c@subtable@save=\count291
\c@lotdepth=\count292
\sf@top=\skip56
\sf@bottom=\skip57
)
(/usr/local/texlive/2022/texmf-dist/tex/latex/enumitem/enumitem.sty
Package: enumitem 2019/06/20 v3.9 Customized lists
\labelindent=\skip58
\enit@outerparindent=\dimen174
\enit@toks=\toks27
\enit@inbox=\box55
\enit@count@id=\count293
\enitdp@description=\count294
)
(/usr/local/texlive/2022/texmf-dist/tex/latex/setspace/setspace.sty
Package: setspace 2022/12/04 v6.7b set line spacing
)
LaTeX Font Info:    Trying to load font information for OT1+lmr on input line 6
9.

(/usr/local/texlive/2022/texmf-dist/tex/latex/lm/ot1lmr.fd
File: ot1lmr.fd 2015/05/01 v1.6.1 Font defs for Latin Modern
)
(/usr/local/texlive/2022/texmf-dist/tex/latex/l3backend/l3backend-pdftex.def
File: l3backend-pdftex.def 2022-10-26 L3 backend support: PDF output (pdfTeX)
\l__color_backend_stack_int=\count295
\l__pdf_internal_box=\box56
)
(./Homework_Root_Finding_201901132_Minwook_Kang.aux)
\openout1 = `Homework_Root_Finding_201901132_Minwook_Kang.aux'.

LaTeX Font Info:    Checking defaults for OML/cmm/m/it on input line 69.
LaTeX Font Info:    ... okay on input line 69.
LaTeX Font Info:    Checking defaults for OMS/cmsy/m/n on input line 69.
LaTeX Font Info:    ... okay on input line 69.
LaTeX Font Info:    Checking defaults for OT1/cmr/m/n on input line 69.
LaTeX Font Info:    ... okay on input line 69.
LaTeX Font Info:    Checking defaults for T1/cmr/m/n on input line 69.
LaTeX Font Info:    ... okay on input line 69.
LaTeX Font Info:    Checking defaults for TS1/cmr/m/n on input line 69.
LaTeX Font Info:    ... okay on input line 69.
LaTeX Font Info:    Checking defaults for OMX/cmex/m/n on input line 69.
LaTeX Font Info:    ... okay on input line 69.
LaTeX Font Info:    Checking defaults for U/cmr/m/n on input line 69.
LaTeX Font Info:    ... okay on input line 69.
LaTeX Font Info:    Checking defaults for LUC/nanummj/m/n on input line 69.
LaTeX Font Info:    Trying to load font information for LUC+nanummj on input li
ne 69.

(/usr/local/texlive/2022/texmf-dist/tex/latex/nanumtype1/lucnanummj.fd
File: lucnanummj.fd 2013/02/12 v0.1 Nanum Myeongjo font definitions
)
LaTeX Font Info:    ... okay on input line 69.

(/usr/local/texlive/2022/texmf-dist/tex/context/base/mkii/supp-pdf.mkii
[Loading MPS to PDF converter (version 2006.09.02).]
\scratchcounter=\count296
\scratchdimen=\dimen175
\scratchbox=\box57
\nofMPsegments=\count297
\nofMParguments=\count298
\everyMPshowfont=\toks28
\MPscratchCnt=\count299
\MPscratchDim=\dimen176
\MPnumerator=\count300
\makeMPintoPDFobject=\count301
\everyMPtoPDFconversion=\toks29
) (/usr/local/texlive/2022/texmf-dist/tex/latex/epstopdf-pkg/epstopdf-base.sty
Package: epstopdf-base 2020-01-24 v2.11 Base part for package epstopdf
Package epstopdf-base Info: Redefining graphics rule for `.eps' on input line 4
85.

(/usr/local/texlive/2022/texmf-dist/tex/latex/latexconfig/epstopdf-sys.cfg
File: epstopdf-sys.cfg 2010/07/13 v1.3 Configuration of (r)epstopdf for TeX Liv
e
))
*geometry* driver: auto-detecting
*geometry* detected driver: pdftex
*geometry* verbose mode - [ preamble ] result:
* driver: pdftex
* paper: <default>
* layout: <same size as paper>
* layoutoffset:(h,v)=(0.0pt,0.0pt)
* modes: 
* h-part:(L,W,R)=(56.9055pt, 500.484pt, 56.9055pt)
* v-part:(T,H,B)=(56.9055pt, 681.15898pt, 56.9055pt)
* \paperwidth=614.295pt
* \paperheight=794.96999pt
* \textwidth=469.75499pt
* \textheight=650.43pt
* \oddsidemargin=0.0pt
* \evensidemargin=0.0pt
* \topmargin=-32.52127pt
* \headheight=12.0pt
* \headsep=18.06749pt
* \topskip=11.0pt
* \footskip=30.0pt
* \marginparwidth=59.0pt
* \marginparsep=10.0pt
* \columnsep=10.0pt
* \skip\footins=10.0pt plus 4.0pt minus 2.0pt
* \hoffset=0.0pt
* \voffset=0.0pt
* \mag=1000
* \@twocolumnfalse
* \@twosidefalse
* \@mparswitchfalse
* \@reversemarginfalse
* (1in=72.27pt=25.4mm, 1cm=28.453pt)

\c@lstlisting=\count302
Package caption Info: Begin \AtBeginDocument code.
Package caption Info: subfig package v1.3 is loaded.
Package caption Info: End \AtBeginDocument code.
LaTeX Font Info:    Trying to load font information for OML+lmm on input line 7
0.
(/usr/local/texlive/2022/texmf-dist/tex/latex/lm/omllmm.fd
File: omllmm.fd 2015/05/01 v1.6.1 Font defs for Latin Modern
)
LaTeX Font Info:    Trying to load font information for OMS+lmsy on input line 
70.

(/usr/local/texlive/2022/texmf-dist/tex/latex/lm/omslmsy.fd
File: omslmsy.fd 2015/05/01 v1.6.1 Font defs for Latin Modern
)
LaTeX Font Info:    Trying to load font information for OMX+lmex on input line 
70.

(/usr/local/texlive/2022/texmf-dist/tex/latex/lm/omxlmex.fd
File: omxlmex.fd 2015/05/01 v1.6.1 Font defs for Latin Modern
)
LaTeX Font Info:    External font `lmex10' loaded for size
(Font)              <12> on input line 70.
LaTeX Font Info:    External font `lmex10' loaded for size
(Font)              <8> on input line 70.
LaTeX Font Info:    External font `lmex10' loaded for size
(Font)              <6> on input line 70.
 [1

{/usr/local/texlive/2022/texmf-var/fonts/map/pdftex/updmap/pdftex.map}]
(/usr/local/texlive/2022/texmf-dist/tex/latex/listings/lstlang1.sty
File: lstlang1.sty 2020/03/24 1.8d listings language file
)
LaTeX Font Info:    External font `lmex10' loaded for size
(Font)              <10.95> on input line 93.

(./CubeRoot_Homework1.py
consecutive:
LaTeX Font Info:    Trying to load font information for OMS+lmr on input line 1
0.
(/usr/local/texlive/2022/texmf-dist/tex/latex/lm/omslmr.fd
File: omslmr.fd 2015/05/01 v1.6.1 Font defs for Latin Modern
)
LaTeX Font Info:    Font shape `OMS/lmr/m/n' in size <9> not available
(Font)              Font shape `OMS/lmsy/m/n' tried instead on input line 10.
LaTeX Font Info:    Trying to load font information for TS1+lmr on input line 1
8.

(/usr/local/texlive/2022/texmf-dist/tex/latex/lm/ts1lmr.fd
File: ts1lmr.fd 2015/05/01 v1.6.1 Font defs for Latin Modern
) [2])
(./Golden_Ratio_Homework1.py
consecutive:
) [3] (./Supergolden_Ratio_Homework1.py
consecutive:
)
LaTeX Font Info:    Trying to load font information for OML+lmr on input line 1
38.
 (/usr/local/texlive/2022/texmf-dist/tex/latex/lm/omllmr.fd
File: omllmr.fd 2015/05/01 v1.6.1 Font defs for Latin Modern
)
LaTeX Font Info:    Font shape `OML/lmr/m/n' in size <9> not available
(Font)              Font shape `OML/lmm/m/it' tried instead on input line 138.
 [4]
<Bessel_Functions.pdf, id=67, 462.52798pt x 346.89601pt>
File: Bessel_Functions.pdf Graphic file (type pdf)
<use Bessel_Functions.pdf>
Package pdftex.def Info: Bessel_Functions.pdf  used on input line 146.
(pdftex.def)             Requested size: 234.87749pt x 176.15768pt.

(./Zeros_of_Bessel_Fuctions_Homework1.py
consecutive:
) [5

 <./Bessel_Functions.pdf>]
<Zeros_of_Bessel_Fuctions_Homework1.pdf, id=97, 462.52798pt x 346.89601pt>
File: Zeros_of_Bessel_Fuctions_Homework1.pdf Graphic file (type pdf)
<use Zeros_of_Bessel_Fuctions_Homework1.pdf>
Package pdftex.def Info: Zeros_of_Bessel_Fuctions_Homework1.pdf  used on input 
line 162.
(pdftex.def)             Requested size: 234.87749pt x 176.15768pt.
 [6 <./Zeros_of_Bessel_Fuctions_Homework1.pdf>]
[7

] [8] [9] [10] [11] [12]
<Bisection_method.png, id=157, 313.17pt x 258.9675pt>
File: Bisection_method.png Graphic file (type png)
<use Bisection_method.png>
Package pdftex.def Info: Bisection_method.png  used on input line 485.
(pdftex.def)             Requested size: 234.87749pt x 194.23303pt.
 [13]
<bisection_sol_Method_approximation.pdf, id=162, 794.97pt x 289.08pt>
File: bisection_sol_Method_approximation.pdf Graphic file (type pdf)
<use bisection_sol_Method_approximation.pdf>
Package pdftex.def Info: bisection_sol_Method_approximation.pdf  used on input 
line 502.
(pdftex.def)             Requested size: 469.75499pt x 170.82478pt.
 [14 <./Bisection_method.png>]
<f_2(x).pdf, id=167, 462.52798pt x 346.89601pt>
File: f_2(x).pdf Graphic file (type pdf)
<use f_2(x).pdf>
Package pdftex.def Info: f_2(x).pdf  used on input line 511.
(pdftex.def)             Requested size: 328.82706pt x 246.63135pt.
<Newtown_Method_strange.pdf, id=168, 462.52798pt x 346.89601pt>
File: Newtown_Method_strange.pdf Graphic file (type pdf)
<use Newtown_Method_strange.pdf>
Package pdftex.def Info: Newtown_Method_strange.pdf  used on input line 533.
(pdftex.def)             Requested size: 328.82706pt x 246.63135pt.
 [15 <./bisection_sol_Method_approximation.pdf> <./f_2(x).pdf>] [16 <./Newtown_
Method_strange.pdf>] [17]
<Bisectoin_Question2.pdf, id=275, 462.52798pt x 346.89601pt>
File: Bisectoin_Question2.pdf Graphic file (type pdf)
<use Bisectoin_Question2.pdf>
Package pdftex.def Info: Bisectoin_Question2.pdf  used on input line 584.
(pdftex.def)             Requested size: 281.85585pt x 211.39981pt.
<Bisection_method1.pdf, id=276, 462.52798pt x 346.89601pt>
File: Bisection_method1.pdf Graphic file (type pdf)
<use Bisection_method1.pdf>
Package pdftex.def Info: Bisection_method1.pdf  used on input line 599.
(pdftex.def)             Requested size: 281.85585pt x 211.39981pt.
 [18

 <./Bisectoin_Question2.pdf>] [19 <./Bisection_method1.pdf>]
<Newton_Method3.pdf, id=323, 462.52798pt x 346.89601pt>
File: Newton_Method3.pdf Graphic file (type pdf)
<use Newton_Method3.pdf>
Package pdftex.def Info: Newton_Method3.pdf  used on input line 653.
(pdftex.def)             Requested size: 258.36667pt x 193.78404pt.

Overfull \hbox (14.85225pt too wide) in paragraph at lines 657--658
\OT1/lmr/m/n/10.95 13.305409517702934 \LUC/nanummj/m/n/10.95/c7 t\LUC/nanummj/m
/n/10.95/b8 ^^G\LUC/nanummj/m/n/10.95/ac Œ \LUC/nanummj/m/n/10.95/c6 ^^H\LUC/na
nummj/m/n/10.95/c0 Á\LUC/nanummj/m/n/10.95/d5 \\LUC/nanummj/m/n/10.95/b3 ^^@\LU
C/nanummj/m/n/10.95/b8 \ \LUC/nanummj/m/n/10.95/ac ^^R\LUC/nanummj/m/n/10.95/c7
 D \LUC/nanummj/m/n/10.95/cd ”\LUC/nanummj/m/n/10.95/c8 ^^U\LUC/nanummj/m/n/10.
95/d5 X\LUC/nanummj/m/n/10.95/ac Œ \LUC/nanummj/m/n/10.95/b4 ^^\\LUC/nanummj/m/
n/10.95/b2 ä\OT1/lmr/m/n/10.95 . \LUC/nanummj/m/n/10.95/c7 t\LUC/nanummj/m/n/10
.95/b5 L \LUC/nanummj/m/n/10.95/cd ^^H\LUC/nanummj/m/n/10.95/ae 0 \LUC/nanummj/
m/n/10.95/ac ^^R\LUC/nanummj/m/n/10.95/c7 D \LUC/nanummj/m/n/10.95/d3 ^^L\LUC/n
anummj/m/n/10.95/c5 E\LUC/nanummj/m/n/10.95/d5 X\LUC/nanummj/m/n/10.95/c5 ì \OT
1/lmr/m/n/10.95 5.670689228522683
 []

[20

] [21 <./Newton_Method3.pdf>]
(./Homework_Root_Finding_201901132_Minwook_Kang.aux) ) 
Here is how much of TeX's memory you used:
 7388 strings out of 476093
 121538 string characters out of 5791584
 2227793 words of memory out of 5000000
 27600 multiletter control sequences out of 15000+600000
 556656 words of font info for 101 fonts, out of 8000000 for 9000
 1141 hyphenation exceptions out of 8191
 69i,8n,79p,841b,1751s stack positions out of 10000i,1000n,20000p,200000b,200000s
{/usr/local/texlive/2022/
texmf-dist/fonts/enc/dvips/lm/lm-mathit.enc}{/usr/local/texlive/2022/texmf-dist
/fonts/enc/dvips/lm/lm-mathex.enc}{/usr/local/texlive/2022/texmf-dist/fonts/enc
/dvips/lm/lm-ts1.enc}{/usr/local/texlive/2022/texmf-dist/fonts/enc/dvips/lm/lm-
mathsy.enc}{/usr/local/texlive/2022/texmf-dist/fonts/enc/dvips/lm/lm-rm.enc}</u
sr/local/texlive/2022/texmf-dist/fonts/type1/public/lm/lmbx12.pfb></usr/local/t
exlive/2022/texmf-dist/fonts/type1/public/lm/lmex10.pfb></usr/local/texlive/202
2/texmf-dist/fonts/type1/public/lm/lmmi10.pfb></usr/local/texlive/2022/texmf-di
st/fonts/type1/public/lm/lmmi8.pfb></usr/local/texlive/2022/texmf-dist/fonts/ty
pe1/public/lm/lmmi9.pfb></usr/local/texlive/2022/texmf-dist/fonts/type1/public/
lm/lmr10.pfb></usr/local/texlive/2022/texmf-dist/fonts/type1/public/lm/lmr12.pf
b></usr/local/texlive/2022/texmf-dist/fonts/type1/public/lm/lmr17.pfb></usr/loc
al/texlive/2022/texmf-dist/fonts/type1/public/lm/lmr6.pfb></usr/local/texlive/2
022/texmf-dist/fonts/type1/public/lm/lmr8.pfb></usr/local/texlive/2022/texmf-di
st/fonts/type1/public/lm/lmr9.pfb></usr/local/texlive/2022/texmf-dist/fonts/typ
e1/public/lm/lmsy10.pfb></usr/local/texlive/2022/texmf-dist/fonts/type1/public/
lm/lmsy8.pfb></usr/local/texlive/2022/texmf-dist/fonts/type1/public/lm/lmsy9.pf
b></usr/local/texlive/2022/texmf-dist/fonts/type1/public/nanumtype1/nanummjbb9.
pfb></usr/local/texlive/2022/texmf-dist/fonts/type1/public/nanumtype1/nanummjbc
6.pfb></usr/local/texlive/2022/texmf-dist/fonts/type1/public/nanumtype1/nanummj
bc7.pfb></usr/local/texlive/2022/texmf-dist/fonts/type1/public/nanumtype1/nanum
mjbc8.pfb></usr/local/texlive/2022/texmf-dist/fonts/type1/public/nanumtype1/nan
ummjbd4.pfb></usr/local/texlive/2022/texmf-dist/fonts/type1/public/nanumtype1/n
anummjbd5.pfb></usr/local/texlive/2022/texmf-dist/fonts/type1/public/nanumtype1
/nanummjmac.pfb></usr/local/texlive/2022/texmf-dist/fonts/type1/public/nanumtyp
e1/nanummjmad.pfb></usr/local/texlive/2022/texmf-dist/fonts/type1/public/nanumt
ype1/nanummjmae.pfb></usr/local/texlive/2022/texmf-dist/fonts/type1/public/nanu
mtype1/nanummjmb0.pfb></usr/local/texlive/2022/texmf-dist/fonts/type1/public/na
numtype1/nanummjmb1.pfb></usr/local/texlive/2022/texmf-dist/fonts/type1/public/
nanumtype1/nanummjmb2.pfb></usr/local/texlive/2022/texmf-dist/fonts/type1/publi
c/nanumtype1/nanummjmb3.pfb></usr/local/texlive/2022/texmf-dist/fonts/type1/pub
lic/nanumtype1/nanummjmb4.pfb></usr/local/texlive/2022/texmf-dist/fonts/type1/p
ublic/nanumtype1/nanummjmb5.pfb></usr/local/texlive/2022/texmf-dist/fonts/type1
/public/nanumtype1/nanummjmb6.pfb></usr/local/texlive/2022/texmf-dist/fonts/typ
e1/public/nanumtype1/nanummjmb7.pfb></usr/local/texlive/2022/texmf-dist/fonts/t
ype1/public/nanumtype1/nanummjmb8.pfb></usr/local/texlive/2022/texmf-dist/fonts
/type1/public/nanumtype1/nanummjmb9.pfb></usr/local/texlive/2022/texmf-dist/fon
ts/type1/public/nanumtype1/nanummjmba.pfb></usr/local/texlive/2022/texmf-dist/f
onts/type1/public/nanumtype1/nanummjmbb.pfb></usr/local/texlive/2022/texmf-dist
/fonts/type1/public/nanumtype1/nanummjmbc.pfb></usr/local/texlive/2022/texmf-di
st/fonts/type1/public/nanumtype1/nanummjmbd.pfb></usr/local/texlive/2022/texmf-
dist/fonts/type1/public/nanumtype1/nanummjmbe.pfb></usr/local/texlive/2022/texm
f-dist/fonts/type1/public/nanumtype1/nanummjmbf.pfb></usr/local/texlive/2022/te
xmf-dist/fonts/type1/public/nanumtype1/nanummjmc0.pfb></usr/local/texlive/2022/
texmf-dist/fonts/type1/public/nanumtype1/nanummjmc1.pfb></usr/local/texlive/202
2/texmf-dist/fonts/type1/public/nanumtype1/nanummjmc2.pfb></usr/local/texlive/2
022/texmf-dist/fonts/type1/public/nanumtype1/nanummjmc3.pfb></usr/local/texlive
/2022/texmf-dist/fonts/type1/public/nanumtype1/nanummjmc4.pfb></usr/local/texli
ve/2022/texmf-dist/fonts/type1/public/nanumtype1/nanummjmc5.pfb></usr/local/tex
live/2022/texmf-dist/fonts/type1/public/nanumtype1/nanummjmc6.pfb></usr/local/t
exlive/2022/texmf-dist/fonts/type1/public/nanumtype1/nanummjmc7.pfb></usr/local
/texlive/2022/texmf-dist/fonts/type1/public/nanumtype1/nanummjmc8.pfb></usr/loc
al/texlive/2022/texmf-dist/fonts/type1/public/nanumtype1/nanummjmc9.pfb></usr/l
ocal/texlive/2022/texmf-dist/fonts/type1/public/nanumtype1/nanummjmcc.pfb></usr
/local/texlive/2022/texmf-dist/fonts/type1/public/nanumtype1/nanummjmcd.pfb></u
sr/local/texlive/2022/texmf-dist/fonts/type1/public/nanumtype1/nanummjmce.pfb><
/usr/local/texlive/2022/texmf-dist/fonts/type1/public/nanumtype1/nanummjmcf.pfb
></usr/local/texlive/2022/texmf-dist/fonts/type1/public/nanumtype1/nanummjmd0.p
fb></usr/local/texlive/2022/texmf-dist/fonts/type1/public/nanumtype1/nanummjmd1
.pfb></usr/local/texlive/2022/texmf-dist/fonts/type1/public/nanumtype1/nanummjm
d2.pfb></usr/local/texlive/2022/texmf-dist/fonts/type1/public/nanumtype1/nanumm
jmd3.pfb></usr/local/texlive/2022/texmf-dist/fonts/type1/public/nanumtype1/nanu
mmjmd4.pfb></usr/local/texlive/2022/texmf-dist/fonts/type1/public/nanumtype1/na
nummjmd5.pfb></usr/local/texlive/2022/texmf-dist/fonts/type1/public/nanumtype1/
nanummjmd6.pfb></usr/local/texlive/2022/texmf-dist/fonts/type1/public/nanumtype
1/nanummjmd7.pfb>
Output written on Homework_Root_Finding_201901132_Minwook_Kang.pdf (21 pages, 2
560318 bytes).
PDF statistics:
 597 PDF objects out of 1000 (max. 8388607)
 306 compressed objects within 4 object streams
 0 named destinations out of 1000 (max. 500000)
 46 words of extra memory for PDF output out of 10000 (max. 10000000)

