This is pdfTeX, Version 3.141592653-2.6-1.40.24 (TeX Live 2022) (preloaded format=pdflatex 2023.1.12)  23 FEB 2023 19:28
entering extended mode
 restricted \write18 enabled.
 file:line:error style messages enabled.
 %&-line parsing enabled.
**Homework5_MinwookKang.tex
(./Homework5_MinwookKang.tex
LaTeX2e <2022-11-01> patch level 1
L3 programming layer <2022-12-17>
(/usr/local/texlive/2022/texmf-dist/tex/latex/base/article.cls
Document Class: article 2022/07/02 v1.4n Standard LaTeX document class
(/usr/local/texlive/2022/texmf-dist/tex/latex/base/size11.clo
File: size11.clo 2022/07/02 v1.4n Standard LaTeX file (size option)
)
\c@part=\count185
\c@section=\count186
\c@subsection=\count187
\c@subsubsection=\count188
\c@paragraph=\count189
\c@subparagraph=\count190
\c@figure=\count191
\c@table=\count192
\abovecaptionskip=\skip48
\belowcaptionskip=\skip49
\bibindent=\dimen140
)
(/usr/local/texlive/2022/texmf-dist/tex/latex/caption/caption.sty
Package: caption 2022/03/01 v3.6b Customizing captions (AR)

(/usr/local/texlive/2022/texmf-dist/tex/latex/caption/caption3.sty
Package: caption3 2022/03/17 v2.3b caption3 kernel (AR)

(/usr/local/texlive/2022/texmf-dist/tex/latex/graphics/keyval.sty
Package: keyval 2022/05/29 v1.15 key=value parser (DPC)
\KV@toks@=\toks16
)
\caption@tempdima=\dimen141
\captionmargin=\dimen142
\caption@leftmargin=\dimen143
\caption@rightmargin=\dimen144
\caption@width=\dimen145
\caption@indent=\dimen146
\caption@parindent=\dimen147
\caption@hangindent=\dimen148
Package caption Info: Standard document class detected.
)
\c@caption@flags=\count193
\c@continuedfloat=\count194
)
(/usr/local/texlive/2022/texmf-dist/tex/latex/cjk-ko/kotex.sty
Package: kotex 2015/04/19 v1.6 Korean TeX (ko.TeX)

(/usr/local/texlive/2022/texmf-dist/tex/latex/kotex-utf/kotex.cfg)
(/usr/local/texlive/2022/texmf-dist/tex/latex/kotex-utf/kotexutf.sty
Package: kotexutf 2022/06/22 v3.0.0 typesetting UTF-8 Korean documents

(/usr/local/texlive/2022/texmf-dist/tex/latex/base/inputenc.sty
Package: inputenc 2021/02/14 v1.3d Input encoding file
\inpenc@prehook=\toks17
\inpenc@posthook=\toks18
)
(/usr/local/texlive/2022/texmf-dist/tex/plain/kotex-plain/kotexutf-core.tex
\unih@ngulpoint=\count195
\dhucs@emph@raise=\dimen149
)
Now handling font encoding LUC ...
... processing UTF-8 mapping file for font encoding LUC

(/usr/local/texlive/2022/texmf-dist/tex/latex/kotex-utf/lucenc.dfu
File: lucenc.dfu 2007/09/05 UTF-8 support for dhucs
   defining Unicode char U+00B7 (decimal 183)
   defining Unicode char U+2018 (decimal 8216)
   defining Unicode char U+2019 (decimal 8217)
   defining Unicode char U+201C (decimal 8220)
   defining Unicode char U+201D (decimal 8221)
   defining Unicode char U+3001 (decimal 12289)
   defining Unicode char U+3002 (decimal 12290)
   defining Unicode char U+3008 (decimal 12296)
   defining Unicode char U+3009 (decimal 12297)
   defining Unicode char U+300A (decimal 12298)
   defining Unicode char U+300B (decimal 12299)
   defining Unicode char U+300C (decimal 12300)
   defining Unicode char U+300D (decimal 12301)
   defining Unicode char U+300E (decimal 12302)
   defining Unicode char U+300F (decimal 12303)
   defining Unicode char U+3010 (decimal 12304)
   defining Unicode char U+3011 (decimal 12305)
   defining Unicode char U+3014 (decimal 12308)
   defining Unicode char U+3015 (decimal 12309)
   defining Unicode char U+3016 (decimal 12310)
   defining Unicode char U+3017 (decimal 12311)
   defining Unicode char U+3018 (decimal 12312)
   defining Unicode char U+3019 (decimal 12313)
   defining Unicode char U+301A (decimal 12314)
   defining Unicode char U+301B (decimal 12315)
   defining Unicode char U+FF01 (decimal 65281)
   defining Unicode char U+FF08 (decimal 65288)
   defining Unicode char U+FF09 (decimal 65289)
   defining Unicode char U+FF0C (decimal 65292)
   defining Unicode char U+FF0E (decimal 65294)
   defining Unicode char U+FF1A (decimal 65306)
   defining Unicode char U+FF1B (decimal 65307)
   defining Unicode char U+FF1C (decimal 65308)
   defining Unicode char U+FF1D (decimal 65309)
   defining Unicode char U+FF1E (decimal 65310)
   defining Unicode char U+FF1F (decimal 65311)
   defining Unicode char U+FF3B (decimal 65339)
   defining Unicode char U+FF3D (decimal 65341)
   defining Unicode char U+FF5B (decimal 65371)
   defining Unicode char U+FF5D (decimal 65373)
   defining Unicode char U+FF61 (decimal 65377)
   defining Unicode char U+FF62 (decimal 65378)
   defining Unicode char U+FF63 (decimal 65379)
   defining Unicode char U+FF64 (decimal 65380)
   defining Unicode char U+FF65 (decimal 65381)
)
\@josa=\count196
\josatoks=\toks19

(/usr/local/texlive/2022/texmf-dist/tex/latex/cjk-ko/kolabels-utf.sty
Package: kolabels-utf 2015/03/20 v1.5 UTF-8 Hangul item labels
)))
(/usr/local/texlive/2022/texmf-dist/tex/latex/sectsty/sectsty.sty
Package: sectsty 2002/02/25 v2.0.2 Commands to change all sectional heading sty
les


LaTeX Warning: Command \underbar  has changed.
               Check if current package is valid.


LaTeX Warning: Command \underline  has changed.
               Check if current package is valid.

) (/usr/local/texlive/2022/texmf-dist/tex/latex/graphics/graphicx.sty
Package: graphicx 2021/09/16 v1.2d Enhanced LaTeX Graphics (DPC,SPQR)

(/usr/local/texlive/2022/texmf-dist/tex/latex/graphics/graphics.sty
Package: graphics 2022/03/10 v1.4e Standard LaTeX Graphics (DPC,SPQR)

(/usr/local/texlive/2022/texmf-dist/tex/latex/graphics/trig.sty
Package: trig 2021/08/11 v1.11 sin cos tan (DPC)
)
(/usr/local/texlive/2022/texmf-dist/tex/latex/graphics-cfg/graphics.cfg
File: graphics.cfg 2016/06/04 v1.11 sample graphics configuration
)
Package graphics Info: Driver file: pdftex.def on input line 107.

(/usr/local/texlive/2022/texmf-dist/tex/latex/graphics-def/pdftex.def
File: pdftex.def 2022/09/22 v1.2b Graphics/color driver for pdftex
))
\Gin@req@height=\dimen150
\Gin@req@width=\dimen151
)
(/usr/local/texlive/2022/texmf-dist/tex/latex/amsmath/amsmath.sty
Package: amsmath 2022/04/08 v2.17n AMS math features
\@mathmargin=\skip50

For additional information on amsmath, use the `?' option.
(/usr/local/texlive/2022/texmf-dist/tex/latex/amsmath/amstext.sty
Package: amstext 2021/08/26 v2.01 AMS text

(/usr/local/texlive/2022/texmf-dist/tex/latex/amsmath/amsgen.sty
File: amsgen.sty 1999/11/30 v2.0 generic functions
\@emptytoks=\toks20
\ex@=\dimen152
))
(/usr/local/texlive/2022/texmf-dist/tex/latex/amsmath/amsbsy.sty
Package: amsbsy 1999/11/29 v1.2d Bold Symbols
\pmbraise@=\dimen153
)
(/usr/local/texlive/2022/texmf-dist/tex/latex/amsmath/amsopn.sty
Package: amsopn 2022/04/08 v2.04 operator names
)
\inf@bad=\count197
LaTeX Info: Redefining \frac on input line 234.
\uproot@=\count198
\leftroot@=\count199
LaTeX Info: Redefining \overline on input line 399.
LaTeX Info: Redefining \colon on input line 410.
\classnum@=\count266
\DOTSCASE@=\count267
LaTeX Info: Redefining \ldots on input line 496.
LaTeX Info: Redefining \dots on input line 499.
LaTeX Info: Redefining \cdots on input line 620.
\Mathstrutbox@=\box51
\strutbox@=\box52
LaTeX Info: Redefining \big on input line 722.
LaTeX Info: Redefining \Big on input line 723.
LaTeX Info: Redefining \bigg on input line 724.
LaTeX Info: Redefining \Bigg on input line 725.
\big@size=\dimen154
LaTeX Font Info:    Redeclaring font encoding OML on input line 743.
LaTeX Font Info:    Redeclaring font encoding OMS on input line 744.
\macc@depth=\count268
LaTeX Info: Redefining \bmod on input line 905.
LaTeX Info: Redefining \pmod on input line 910.
LaTeX Info: Redefining \smash on input line 940.
LaTeX Info: Redefining \relbar on input line 970.
LaTeX Info: Redefining \Relbar on input line 971.
\c@MaxMatrixCols=\count269
\dotsspace@=\muskip16
\c@parentequation=\count270
\dspbrk@lvl=\count271
\tag@help=\toks21
\row@=\count272
\column@=\count273
\maxfields@=\count274
\andhelp@=\toks22
\eqnshift@=\dimen155
\alignsep@=\dimen156
\tagshift@=\dimen157
\tagwidth@=\dimen158
\totwidth@=\dimen159
\lineht@=\dimen160
\@envbody=\toks23
\multlinegap=\skip51
\multlinetaggap=\skip52
\mathdisplay@stack=\toks24
LaTeX Info: Redefining \[ on input line 2953.
LaTeX Info: Redefining \] on input line 2954.
)
(/usr/local/texlive/2022/texmf-dist/tex/latex/amsfonts/amssymb.sty
Package: amssymb 2013/01/14 v3.01 AMS font symbols

(/usr/local/texlive/2022/texmf-dist/tex/latex/amsfonts/amsfonts.sty
Package: amsfonts 2013/01/14 v3.01 Basic AMSFonts support
\symAMSa=\mathgroup4
\symAMSb=\mathgroup5
LaTeX Font Info:    Redeclaring math symbol \hbar on input line 98.
LaTeX Font Info:    Overwriting math alphabet `\mathfrak' in version `bold'
(Font)                  U/euf/m/n --> U/euf/b/n on input line 106.
))
(/usr/local/texlive/2022/texmf-dist/tex/latex/geometry/geometry.sty
Package: geometry 2020/01/02 v5.9 Page Geometry

(/usr/local/texlive/2022/texmf-dist/tex/generic/iftex/ifvtex.sty
Package: ifvtex 2019/10/25 v1.7 ifvtex legacy package. Use iftex instead.

(/usr/local/texlive/2022/texmf-dist/tex/generic/iftex/iftex.sty
Package: iftex 2022/02/03 v1.0f TeX engine tests
))
\Gm@cnth=\count275
\Gm@cntv=\count276
\c@Gm@tempcnt=\count277
\Gm@bindingoffset=\dimen161
\Gm@wd@mp=\dimen162
\Gm@odd@mp=\dimen163
\Gm@even@mp=\dimen164
\Gm@layoutwidth=\dimen165
\Gm@layoutheight=\dimen166
\Gm@layouthoffset=\dimen167
\Gm@layoutvoffset=\dimen168
\Gm@dimlist=\toks25
)
(/usr/local/texlive/2022/texmf-dist/tex/latex/listings/listings.sty
\lst@mode=\count278
\lst@gtempboxa=\box53
\lst@token=\toks26
\lst@length=\count279
\lst@currlwidth=\dimen169
\lst@column=\count280
\lst@pos=\count281
\lst@lostspace=\dimen170
\lst@width=\dimen171
\lst@newlines=\count282
\lst@lineno=\count283
\lst@maxwidth=\dimen172

(/usr/local/texlive/2022/texmf-dist/tex/latex/listings/lstmisc.sty
File: lstmisc.sty 2020/03/24 1.8d (Carsten Heinz)
\c@lstnumber=\count284
\lst@skipnumbers=\count285
\lst@framebox=\box54
)
(/usr/local/texlive/2022/texmf-dist/tex/latex/listings/listings.cfg
File: listings.cfg 2020/03/24 1.8d listings configuration
))
Package: listings 2020/03/24 1.8d (Carsten Heinz)

(/usr/local/texlive/2022/texmf-dist/tex/latex/graphics/color.sty
Package: color 2022/01/06 v1.3d Standard LaTeX Color (DPC)

(/usr/local/texlive/2022/texmf-dist/tex/latex/graphics-cfg/color.cfg
File: color.cfg 2016/01/02 v1.6 sample color configuration
)
Package color Info: Driver file: pdftex.def on input line 149.

(/usr/local/texlive/2022/texmf-dist/tex/latex/graphics/mathcolor.ltx))
(/usr/local/texlive/2022/texmf-dist/tex/latex/lm/lmodern.sty
Package: lmodern 2015/05/01 v1.6.1 Latin Modern Fonts
LaTeX Font Info:    Overwriting symbol font `operators' in version `normal'
(Font)                  OT1/cmr/m/n --> OT1/lmr/m/n on input line 22.
LaTeX Font Info:    Overwriting symbol font `letters' in version `normal'
(Font)                  OML/cmm/m/it --> OML/lmm/m/it on input line 23.
LaTeX Font Info:    Overwriting symbol font `symbols' in version `normal'
(Font)                  OMS/cmsy/m/n --> OMS/lmsy/m/n on input line 24.
LaTeX Font Info:    Overwriting symbol font `largesymbols' in version `normal'
(Font)                  OMX/cmex/m/n --> OMX/lmex/m/n on input line 25.
LaTeX Font Info:    Overwriting symbol font `operators' in version `bold'
(Font)                  OT1/cmr/bx/n --> OT1/lmr/bx/n on input line 26.
LaTeX Font Info:    Overwriting symbol font `letters' in version `bold'
(Font)                  OML/cmm/b/it --> OML/lmm/b/it on input line 27.
LaTeX Font Info:    Overwriting symbol font `symbols' in version `bold'
(Font)                  OMS/cmsy/b/n --> OMS/lmsy/b/n on input line 28.
LaTeX Font Info:    Overwriting symbol font `largesymbols' in version `bold'
(Font)                  OMX/cmex/m/n --> OMX/lmex/m/n on input line 29.
LaTeX Font Info:    Overwriting math alphabet `\mathbf' in version `normal'
(Font)                  OT1/cmr/bx/n --> OT1/lmr/bx/n on input line 31.
LaTeX Font Info:    Overwriting math alphabet `\mathsf' in version `normal'
(Font)                  OT1/cmss/m/n --> OT1/lmss/m/n on input line 32.
LaTeX Font Info:    Overwriting math alphabet `\mathit' in version `normal'
(Font)                  OT1/cmr/m/it --> OT1/lmr/m/it on input line 33.
LaTeX Font Info:    Overwriting math alphabet `\mathtt' in version `normal'
(Font)                  OT1/cmtt/m/n --> OT1/lmtt/m/n on input line 34.
LaTeX Font Info:    Overwriting math alphabet `\mathbf' in version `bold'
(Font)                  OT1/cmr/bx/n --> OT1/lmr/bx/n on input line 35.
LaTeX Font Info:    Overwriting math alphabet `\mathsf' in version `bold'
(Font)                  OT1/cmss/bx/n --> OT1/lmss/bx/n on input line 36.
LaTeX Font Info:    Overwriting math alphabet `\mathit' in version `bold'
(Font)                  OT1/cmr/bx/it --> OT1/lmr/bx/it on input line 37.
LaTeX Font Info:    Overwriting math alphabet `\mathtt' in version `bold'
(Font)                  OT1/cmtt/m/n --> OT1/lmtt/m/n on input line 38.
)
(/usr/local/texlive/2022/texmf-dist/tex/latex/url/url.sty
\Urlmuskip=\muskip17
Package: url 2013/09/16  ver 3.4  Verb mode for urls, etc.
)
(/usr/local/texlive/2022/texmf-dist/tex/latex/subfig/subfig.sty
Package: subfig 2005/06/28 ver: 1.3 subfig package
\c@KVtest=\count286
\sf@farskip=\skip53
\sf@captopadj=\dimen173
\sf@capskip=\skip54
\sf@nearskip=\skip55
\c@subfigure=\count287
\c@subfigure@save=\count288
\c@lofdepth=\count289
\c@subtable=\count290
\c@subtable@save=\count291
\c@lotdepth=\count292
\sf@top=\skip56
\sf@bottom=\skip57
)
(/usr/local/texlive/2022/texmf-dist/tex/latex/enumitem/enumitem.sty
Package: enumitem 2019/06/20 v3.9 Customized lists
\labelindent=\skip58
\enit@outerparindent=\dimen174
\enit@toks=\toks27
\enit@inbox=\box55
\enit@count@id=\count293
\enitdp@description=\count294
)
(/usr/local/texlive/2022/texmf-dist/tex/latex/setspace/setspace.sty
Package: setspace 2022/12/04 v6.7b set line spacing
)
(/usr/local/texlive/2022/texmf-dist/tex/latex/tools/indentfirst.sty
Package: indentfirst 1995/11/23 v1.03 Indent first paragraph (DPC)
)
LaTeX Font Info:    Trying to load font information for OT1+lmr on input line 7
5.

(/usr/local/texlive/2022/texmf-dist/tex/latex/lm/ot1lmr.fd
File: ot1lmr.fd 2015/05/01 v1.6.1 Font defs for Latin Modern
)
(/usr/local/texlive/2022/texmf-dist/tex/latex/l3backend/l3backend-pdftex.def
File: l3backend-pdftex.def 2022-10-26 L3 backend support: PDF output (pdfTeX)
\l__color_backend_stack_int=\count295
\l__pdf_internal_box=\box56
)
(./Homework5_MinwookKang.aux

./Homework5_MinwookKang.aux:11: LaTeX Error: Missing \begin{document}.

See the LaTeX manual or LaTeX Companion for explanation.
Type  H <return>  for immediate help.
 ...                                              
                                                  
l.11  {2
        .2}Development of a solution}{9}{}\protected@file@percent }
? 
./Homework5_MinwookKang.aux:11: Emergency stop.
 ...                                              
                                                  
l.11  {2
        .2}Development of a solution}{9}{}\protected@file@percent }
You're in trouble here.  Try typing  <return>  to proceed.
If that doesn't work, type  X <return>  to quit.

 
Here is how much of TeX's memory you used:
 6479 strings out of 476093
 107602 string characters out of 5791585
 1848793 words of memory out of 5000000
 26808 multiletter control sequences out of 15000+600000
 515530 words of font info for 34 fonts, out of 8000000 for 9000
 1141 hyphenation exceptions out of 8191
 56i,0n,63p,237b,261s stack positions out of 10000i,1000n,20000p,200000b,200000s
./Homework5_MinwookKang.aux:11:  ==> Fatal error occurred, no output PDF file p
roduced!
tions
)
LaTeX Font Info:    ... okay on input line 74.
Package caption Info: Begin \AtBeginDocument code.
Package caption Info: subfig package v1.3 is loaded.
Package caption Info: listings package is loaded.
Package caption Info: End \AtBeginDocument code.

(/usr/local/texlive/2022/texmf-dist/tex/context/base/mkii/supp-pdf.mkii
[Loading MPS to PDF converter (version 2006.09.02).]
\scratchcounter=\count296
\scratchdimen=\dimen175
\scratchbox=\box57
\nofMPsegments=\count297
\nofMParguments=\count298
\everyMPshowfont=\toks28
\MPscratchCnt=\count299
\MPscratchDim=\dimen176
\MPnumerator=\count300
\makeMPintoPDFobject=\count301
\everyMPtoPDFconversion=\toks29
) (/usr/local/texlive/2022/texmf-dist/tex/latex/epstopdf-pkg/epstopdf-base.sty
Package: epstopdf-base 2020-01-24 v2.11 Base part for package epstopdf
Package epstopdf-base Info: Redefining graphics rule for `.eps' on input line 4
85.

(/usr/local/texlive/2022/texmf-dist/tex/latex/latexconfig/epstopdf-sys.cfg
File: epstopdf-sys.cfg 2010/07/13 v1.3 Configuration of (r)epstopdf for TeX Liv
e
))
*geometry* driver: auto-detecting
*geometry* detected driver: pdftex
*geometry* verbose mode - [ preamble ] result:
* driver: pdftex
* paper: <default>
* layout: <same size as paper>
* layoutoffset:(h,v)=(0.0pt,0.0pt)
* modes: 
* h-part:(L,W,R)=(56.9055pt, 500.484pt, 56.9055pt)
* v-part:(T,H,B)=(56.9055pt, 681.15898pt, 56.9055pt)
* \paperwidth=614.295pt
* \paperheight=794.96999pt
* \textwidth=469.75499pt
* \textheight=650.43pt
* \oddsidemargin=0.0pt
* \evensidemargin=0.0pt
* \topmargin=-32.52127pt
* \headheight=12.0pt
* \headsep=18.06749pt
* \topskip=11.0pt
* \footskip=30.0pt
* \marginparwidth=59.0pt
* \marginparsep=10.0pt
* \columnsep=10.0pt
* \skip\footins=10.0pt plus 4.0pt minus 2.0pt
* \hoffset=0.0pt
* \voffset=0.0pt
* \mag=1000
* \@twocolumnfalse
* \@twosidefalse
* \@mparswitchfalse
* \@reversemarginfalse
* (1in=72.27pt=25.4mm, 1cm=28.453pt)

\c@lstlisting=\count302
LaTeX Font Info:    Trying to load font information for OML+lmm on input line 7
5.
(/usr/local/texlive/2022/texmf-dist/tex/latex/lm/omllmm.fd
File: omllmm.fd 2015/05/01 v1.6.1 Font defs for Latin Modern
)
LaTeX Font Info:    Trying to load font information for OMS+lmsy on input line 
75.

(/usr/local/texlive/2022/texmf-dist/tex/latex/lm/omslmsy.fd
File: omslmsy.fd 2015/05/01 v1.6.1 Font defs for Latin Modern
)
LaTeX Font Info:    Trying to load font information for OMX+lmex on input line 
75.

(/usr/local/texlive/2022/texmf-dist/tex/latex/lm/omxlmex.fd
File: omxlmex.fd 2015/05/01 v1.6.1 Font defs for Latin Modern
)
LaTeX Font Info:    External font `lmex10' loaded for size
(Font)              <12> on input line 75.
LaTeX Font Info:    External font `lmex10' loaded for size
(Font)              <8> on input line 75.
LaTeX Font Info:    External font `lmex10' loaded for size
(Font)              <6> on input line 75.
LaTeX Font Info:    Trying to load font information for U+msa on input line 75.


(/usr/local/texlive/2022/texmf-dist/tex/latex/amsfonts/umsa.fd
File: umsa.fd 2013/01/14 v3.01 AMS symbols A
)
LaTeX Font Info:    Trying to load font information for U+msb on input line 75.


(/usr/local/texlive/2022/texmf-dist/tex/latex/amsfonts/umsb.fd
File: umsb.fd 2013/01/14 v3.01 AMS symbols B
) [1

{/usr/local/texlive/2022/texmf-var/fonts/map/pdftex/updmap/pdftex.map}]
LaTeX Font Info:    External font `lmex10' loaded for size
(Font)              <10.95> on input line 89.
 [2]
(/usr/local/texlive/2022/texmf-dist/tex/latex/listings/lstlang1.sty
File: lstlang1.sty 2020/03/24 1.8d listings language file
)
LaTeX Font Info:    Trying to load font information for TS1+lmr on input line 1
29.

(/usr/local/texlive/2022/texmf-dist/tex/latex/lm/ts1lmr.fd
File: ts1lmr.fd 2015/05/01 v1.6.1 Font defs for Latin Modern
)
LaTeX Font Info:    Trying to load font information for OML+lmr on input line 1
37.

(/usr/local/texlive/2022/texmf-dist/tex/latex/lm/omllmr.fd
File: omllmr.fd 2015/05/01 v1.6.1 Font defs for Latin Modern
)
LaTeX Font Info:    Font shape `OML/lmr/m/n' in size <9> not available
(Font)              Font shape `OML/lmm/m/it' tried instead on input line 137.
 [3]
<Differntiation_1.pdf, id=62, 794.97pt x 289.08pt>
File: Differntiation_1.pdf Graphic file (type pdf)
<use Differntiation_1.pdf>
Package pdftex.def Info: Differntiation_1.pdf  used on input line 172.
(pdftex.def)             Requested size: 469.75499pt x 170.82478pt.
LaTeX Font Info:    Trying to load font information for OMS+lmr on input line 1
86.

(/usr/local/texlive/2022/texmf-dist/tex/latex/lm/omslmr.fd
File: omslmr.fd 2015/05/01 v1.6.1 Font defs for Latin Modern
)
LaTeX Font Info:    Font shape `OMS/lmr/m/n' in size <9> not available
(Font)              Font shape `OMS/lmsy/m/n' tried instead on input line 186.
 [4 <./Differntiation_1.pdf>]
<Max_graph.pdf, id=95, 722.7pt x 361.35pt>
File: Max_graph.pdf Graphic file (type pdf)
<use Max_graph.pdf>
Package pdftex.def Info: Max_graph.pdf  used on input line 202.
(pdftex.def)             Requested size: 469.75499pt x 234.88023pt.
 [5 <./Max_graph.pdf>]
<Max_graph_uprime.pdf, id=113, 722.7pt x 361.35pt>
File: Max_graph_uprime.pdf Graphic file (type pdf)
<use Max_graph_uprime.pdf>
Package pdftex.def Info: Max_graph_uprime.pdf  used on input line 223.
(pdftex.def)             Requested size: 469.75499pt x 234.88023pt.
 [6 <./Max_graph_uprime.pdf>]
<Max_graph_u_two_prime.pdf, id=131, 722.7pt x 361.35pt>
File: Max_graph_u_two_prime.pdf Graphic file (type pdf)
<use Max_graph_u_two_prime.pdf>
Package pdftex.def Info: Max_graph_u_two_prime.pdf  used on input line 251.
(pdftex.def)             Requested size: 469.75499pt x 234.88023pt.
 [7 <./Max_graph_u_two_prime.pdf>] [8] [9] [10] [11] [12]
<Differntiation_2.pdf, id=169, 794.97pt x 289.08pt>
File: Differntiation_2.pdf Graphic file (type pdf)
<use Differntiation_2.pdf>
Package pdftex.def Info: Differntiation_2.pdf  used on input line 455.
(pdftex.def)             Requested size: 469.75499pt x 170.82478pt.
 [13 <./Differntiation_2.pdf>] [14]
[15]
<1d_Wave_Solution.pdf, id=211, 505.89pt x 505.89pt>
File: 1d_Wave_Solution.pdf Graphic file (type pdf)
<use 1d_Wave_Solution.pdf>
Package pdftex.def Info: 1d_Wave_Solution.pdf  used on input line 563.
(pdftex.def)             Requested size: 375.80542pt x 375.81166pt.
 [16 <./1d_Wave_Solution.pdf>]
<1d_Wave_Solution2_u1.pdf, id=244, 505.89pt x 505.89pt>
File: 1d_Wave_Solution2_u1.pdf Graphic file (type pdf)
<use 1d_Wave_Solution2_u1.pdf>
Package pdftex.def Info: 1d_Wave_Solution2_u1.pdf  used on input line 576.
(pdftex.def)             Requested size: 375.80542pt x 375.81166pt.
<1d_Wave_Solution2_u2.pdf, id=245, 505.89pt x 505.89pt>
File: 1d_Wave_Solution2_u2.pdf Graphic file (type pdf)
<use 1d_Wave_Solution2_u2.pdf>
Package pdftex.def Info: 1d_Wave_Solution2_u2.pdf  used on input line 587.
(pdftex.def)             Requested size: 375.80542pt x 375.81166pt.
 [17 <./1d_Wave_Solution2_u1.pdf>] [18 <./1d_Wave_Solution2_u2.pdf>]
<1d_Wave_Solution2_combined.pdf, id=312, 505.89pt x 505.89pt>
File: 1d_Wave_Solution2_combined.pdf Graphic file (type pdf)
<use 1d_Wave_Solution2_combined.pdf>
Package pdftex.def Info: 1d_Wave_Solution2_combined.pdf  used on input line 613
.
(pdftex.def)             Requested size: 375.80542pt x 375.81166pt.
 [19 <./1d_Wave_Solution2_combined.pdf>]
<1d_Wave_Solution2_combined2.pdf, id=344, 505.89pt x 505.89pt>
File: 1d_Wave_Solution2_combined2.pdf Graphic file (type pdf)
<use 1d_Wave_Solution2_combined2.pdf>
Package pdftex.def Info: 1d_Wave_Solution2_combined2.pdf  used on input line 62
7.
(pdftex.def)             Requested size: 375.80542pt x 375.81166pt.
 [20 <./1d_Wave_Solution2_combined2.pdf>] [21] [22] [23] [24]
<Advection_solution.pdf, id=389, 505.89pt x 505.89pt>
File: Advection_solution.pdf Graphic file (type pdf)
<use Advection_solution.pdf>
Package pdftex.def Info: Advection_solution.pdf  used on input line 803.
(pdftex.def)             Requested size: 375.80542pt x 375.81166pt.
 [25 <./Advection_solution.pdf>]
<maximum_amplitude.pdf, id=424, 462.52798pt x 346.89601pt>
File: maximum_amplitude.pdf Graphic file (type pdf)
<use maximum_amplitude.pdf>
Package pdftex.def Info: maximum_amplitude.pdf  used on input line 816.
(pdftex.def)             Requested size: 375.80542pt x 281.86818pt.

[26 <./maximum_amplitude.pdf>]
<example_DO.pdf, id=441, 1662.21pt x 578.16pt>
File: example_DO.pdf Graphic file (type pdf)
<use example_DO.pdf>
Package pdftex.def Info: example_DO.pdf  used on input line 836.
(pdftex.def)             Requested size: 469.75499pt x 163.39226pt.
 [27 <./example_DO.pdf>]
<B3_to_Cshop5_Figure1.pdf, id=480, 1084.05pt x 505.89pt>
File: B3_to_Cshop5_Figure1.pdf Graphic file (type pdf)
<use B3_to_Cshop5_Figure1.pdf>
Package pdftex.def Info: B3_to_Cshop5_Figure1.pdf  used on input line 887.
(pdftex.def)             Requested size: 469.75499pt x 219.21896pt.
 [28] [29 <./B3_to_Cshop5_Figure1.pdf>]
<FFT_figure.pdf, id=525, 1084.05pt x 578.16pt>
File: FFT_figure.pdf Graphic file (type pdf)
<use FFT_figure.pdf>
Package pdftex.def Info: FFT_figure.pdf  used on input line 946.
(pdftex.def)             Requested size: 469.75499pt x 250.53596pt.
 [30] [31 <./FFT_figure.pdf>]
<wave_amp_C4.pdf, id=570, 1445.4pt x 722.7pt>
File: wave_amp_C4.pdf Graphic file (type pdf)
<use wave_amp_C4.pdf>
Package pdftex.def Info: wave_amp_C4.pdf  used on input line 991.
(pdftex.def)             Requested size: 469.75499pt x 234.87471pt.
 [32]
<wave_amp_C4+D4.pdf, id=574, 2890.8pt x 722.7pt>
File: wave_amp_C4+D4.pdf Graphic file (type pdf)
<use wave_amp_C4+D4.pdf>
Package pdftex.def Info: wave_amp_C4+D4.pdf  used on input line 1015.
(pdftex.def)             Requested size: 469.75499pt x 117.43184pt.
 [33 <./wave_amp_C4.pdf>]
<wave_amp_independence.pdf, id=610, 2890.8pt x 722.7pt>
File: wave_amp_independence.pdf Graphic file (type pdf)
<use wave_amp_independence.pdf>
Package pdftex.def Info: wave_amp_independence.pdf  used on input line 1048.
(pdftex.def)             Requested size: 469.75499pt x 117.43184pt.

[34 <./wave_amp_C4+D4.pdf>] [35 <./wave_amp_independence.pdf>] [36]
(./Homework5_MinwookKang.aux) ) 
Here is how much of TeX's memory you used:
 8025 strings out of 476093
 129704 string characters out of 5791585
 2298793 words of memory out of 5000000
 28225 multiletter control sequences out of 15000+600000
 556964 words of font info for 104 fonts, out of 8000000 for 9000
 1141 hyphenation exceptions out of 8191
 56i,9n,63p,776b,1824s stack positions out of 10000i,1000n,20000p,200000b,200000s
{/usr/local/texlive/2022/texmf-dist/fonts/enc/dv
ips/lm/lm-ts1.enc}{/usr/local/texlive/2022/texmf-dist/fonts/enc/dvips/lm/lm-mat
hsy.enc}{/usr/local/texlive/2022/texmf-dist/fonts/enc/dvips/lm/lm-mathit.enc}{/
usr/local/texlive/2022/texmf-dist/fonts/enc/dvips/lm/lm-rm.enc}{/usr/local/texl
ive/2022/texmf-dist/fonts/enc/dvips/lm/lm-mathex.enc}</usr/local/texlive/2022/t
exmf-dist/fonts/type1/public/lm/lmbx12.pfb></usr/local/texlive/2022/texmf-dist/
fonts/type1/public/lm/lmex10.pfb></usr/local/texlive/2022/texmf-dist/fonts/type
1/public/lm/lmmi10.pfb></usr/local/texlive/2022/texmf-dist/fonts/type1/public/l
m/lmmi6.pfb></usr/local/texlive/2022/texmf-dist/fonts/type1/public/lm/lmmi8.pfb
></usr/local/texlive/2022/texmf-dist/fonts/type1/public/lm/lmmi9.pfb></usr/loca
l/texlive/2022/texmf-dist/fonts/type1/public/lm/lmr10.pfb></usr/local/texlive/2
022/texmf-dist/fonts/type1/public/lm/lmr12.pfb></usr/local/texlive/2022/texmf-d
ist/fonts/type1/public/lm/lmr17.pfb></usr/local/texlive/2022/texmf-dist/fonts/t
ype1/public/lm/lmr6.pfb></usr/local/texlive/2022/texmf-dist/fonts/type1/public/
lm/lmr8.pfb></usr/local/texlive/2022/texmf-dist/fonts/type1/public/lm/lmr9.pfb>
</usr/local/texlive/2022/texmf-dist/fonts/type1/public/lm/lmsy10.pfb></usr/loca
l/texlive/2022/texmf-dist/fonts/type1/public/lm/lmsy8.pfb></usr/local/texlive/2
022/texmf-dist/fonts/type1/public/lm/lmsy9.pfb></usr/local/texlive/2022/texmf-d
ist/fonts/type1/public/nanumtype1/nanummjmac.pfb></usr/local/texlive/2022/texmf
-dist/fonts/type1/public/nanumtype1/nanummjmad.pfb></usr/local/texlive/2022/tex
mf-dist/fonts/type1/public/nanumtype1/nanummjmae.pfb></usr/local/texlive/2022/t
exmf-dist/fonts/type1/public/nanumtype1/nanummjmaf.pfb></usr/local/texlive/2022
/texmf-dist/fonts/type1/public/nanumtype1/nanummjmb0.pfb></usr/local/texlive/20
22/texmf-dist/fonts/type1/public/nanumtype1/nanummjmb1.pfb></usr/local/texlive/
2022/texmf-dist/fonts/type1/public/nanumtype1/nanummjmb2.pfb></usr/local/texliv
e/2022/texmf-dist/fonts/type1/public/nanumtype1/nanummjmb3.pfb></usr/local/texl
ive/2022/texmf-dist/fonts/type1/public/nanumtype1/nanummjmb4.pfb></usr/local/te
xlive/2022/texmf-dist/fonts/type1/public/nanumtype1/nanummjmb5.pfb></usr/local/
texlive/2022/texmf-dist/fonts/type1/public/nanumtype1/nanummjmb6.pfb></usr/loca
l/texlive/2022/texmf-dist/fonts/type1/public/nanumtype1/nanummjmb7.pfb></usr/lo
cal/texlive/2022/texmf-dist/fonts/type1/public/nanumtype1/nanummjmb8.pfb></usr/
local/texlive/2022/texmf-dist/fonts/type1/public/nanumtype1/nanummjmb9.pfb></us
r/local/texlive/2022/texmf-dist/fonts/type1/public/nanumtype1/nanummjmba.pfb></
usr/local/texlive/2022/texmf-dist/fonts/type1/public/nanumtype1/nanummjmbb.pfb>
</usr/local/texlive/2022/texmf-dist/fonts/type1/public/nanumtype1/nanummjmbc.pf
b></usr/local/texlive/2022/texmf-dist/fonts/type1/public/nanumtype1/nanummjmbd.
pfb></usr/local/texlive/2022/texmf-dist/fonts/type1/public/nanumtype1/nanummjmb
e.pfb></usr/local/texlive/2022/texmf-dist/fonts/type1/public/nanumtype1/nanummj
mc0.pfb></usr/local/texlive/2022/texmf-dist/fonts/type1/public/nanumtype1/nanum
mjmc1.pfb></usr/local/texlive/2022/texmf-dist/fonts/type1/public/nanumtype1/nan
ummjmc2.pfb></usr/local/texlive/2022/texmf-dist/fonts/type1/public/nanumtype1/n
anummjmc3.pfb></usr/local/texlive/2022/texmf-dist/fonts/type1/public/nanumtype1
/nanummjmc4.pfb></usr/local/texlive/2022/texmf-dist/fonts/type1/public/nanumtyp
e1/nanummjmc5.pfb></usr/local/texlive/2022/texmf-dist/fonts/type1/public/nanumt
ype1/nanummjmc6.pfb></usr/local/texlive/2022/texmf-dist/fonts/type1/public/nanu
mtype1/nanummjmc7.pfb></usr/local/texlive/2022/texmf-dist/fonts/type1/public/na
numtype1/nanummjmc8.pfb></usr/local/texlive/2022/texmf-dist/fonts/type1/public/
nanumtype1/nanummjmc9.pfb></usr/local/texlive/2022/texmf-dist/fonts/type1/publi
c/nanumtype1/nanummjmca.pfb></usr/local/texlive/2022/texmf-dist/fonts/type1/pub
lic/nanumtype1/nanummjmcc.pfb></usr/local/texlive/2022/texmf-dist/fonts/type1/p
ublic/nanumtype1/nanummjmcd.pfb></usr/local/texlive/2022/texmf-dist/fonts/type1
/public/nanumtype1/nanummjmce.pfb></usr/local/texlive/2022/texmf-dist/fonts/typ
e1/public/nanumtype1/nanummjmcf.pfb></usr/local/texlive/2022/texmf-dist/fonts/t
ype1/public/nanumtype1/nanummjmd0.pfb></usr/local/texlive/2022/texmf-dist/fonts
/type1/public/nanumtype1/nanummjmd1.pfb></usr/local/texlive/2022/texmf-dist/fon
ts/type1/public/nanumtype1/nanummjmd2.pfb></usr/local/texlive/2022/texmf-dist/f
onts/type1/public/nanumtype1/nanummjmd3.pfb></usr/local/texlive/2022/texmf-dist
/fonts/type1/public/nanumtype1/nanummjmd4.pfb></usr/local/texlive/2022/texmf-di
st/fonts/type1/public/nanumtype1/nanummjmd5.pfb></usr/local/texlive/2022/texmf-
dist/fonts/type1/public/nanumtype1/nanummjmd6.pfb>
Output written on Homework5_MinwookKang.pdf (36 pages, 2690527 bytes).
PDF statistics:
 922 PDF objects out of 1000 (max. 8388607)
 415 compressed objects within 5 object streams
 0 named destinations out of 1000 (max. 500000)
 91 words of extra memory for PDF output out of 10000 (max. 10000000)

